{
  "stats": {
    "suites": 1,
    "tests": 1,
    "passes": 1,
    "pending": 0,
    "failures": 0,
    "start": "2023-09-19T11:06:24.797Z",
    "end": "2023-09-19T11:06:28.108Z",
    "duration": 3311,
    "testsRegistered": 1,
    "passPercent": 100,
    "pendingPercent": 0,
    "other": 0,
    "hasOther": false,
    "skipped": 0,
    "hasSkipped": false
  },
  "results": [
    {
      "uuid": "5e4d078b-74f9-4d0a-a9d5-a1c3e5cb5fc4",
      "title": "",
      "fullFile": "cypress/e2e/signups.cy.js",
      "file": "cypress/e2e/signups.cy.js",
      "beforeHooks": [],
      "afterHooks": [],
      "tests": [],
      "suites": [
        {
          "uuid": "0a2a7a9e-56e9-4ce7-b09c-4be53b018b98",
          "title": "Validate signup links",
          "fullFile": "",
          "file": "",
          "beforeHooks": [],
          "afterHooks": [],
          "tests": [
            {
              "title": "Validate user can signup at EU/non-EU Website",
              "fullTitle": "Validate signup links Validate user can signup at EU/non-EU Website",
              "timedOut": null,
              "duration": 2079,
              "state": "passed",
              "speed": "fast",
              "pass": true,
              "fail": false,
              "pending": false,
              "context": null,
              "code": "const email = Cypress.env('email');\ncy.findByPlaceholderText('Email').type(email);\ncy.findByLabelText('I agree to the terms and conditions').check();\ncy.contains('button', 'Create demo account').click();\ncy.url().should('include', `/signup-success?email=${email}`);",
              "err": {},
              "uuid": "4abf872c-cdd8-4ce2-b040-4f962c0741d6",
              "parentUUID": "0a2a7a9e-56e9-4ce7-b09c-4be53b018b98",
              "isHook": false,
              "skipped": false
            }
          ],
          "suites": [],
          "passes": [
            "4abf872c-cdd8-4ce2-b040-4f962c0741d6"
          ],
          "failures": [],
          "pending": [],
          "skipped": [],
          "duration": 2079,
          "root": false,
          "rootEmpty": false,
          "_timeout": 2000
        }
      ],
      "passes": [],
      "failures": [],
      "pending": [],
      "skipped": [],
      "duration": 0,
      "root": true,
      "rootEmpty": true,
      "_timeout": 2000
    }
  ],
  "meta": {
    "mocha": {
      "version": "7.0.1"
    },
    "mochawesome": {
      "options": {
        "quiet": false,
        "reportFilename": "mochawesome",
        "saveHtml": false,
        "saveJson": true,
        "consoleReporter": "spec",
        "useInlineDiffs": false,
        "code": true
      },
      "version": "7.1.3"
    },
    "marge": {
      "options": {
        "reportDir": "cypress/results",
        "overwrite": false,
        "html": false,
        "json": true
      },
      "version": "6.2.0"
    }
  }
}