{
  "stats": {
    "suites": 1,
    "tests": 1,
    "passes": 1,
    "pending": 0,
    "failures": 0,
    "start": "2023-09-19T11:06:15.461Z",
    "end": "2023-09-19T11:06:23.619Z",
    "duration": 8158,
    "testsRegistered": 1,
    "passPercent": 100,
    "pendingPercent": 0,
    "other": 0,
    "hasOther": false,
    "skipped": 0,
    "hasSkipped": false
  },
  "results": [
    {
      "uuid": "b538021f-62f2-4c1c-ac58-15e2ed2eb53c",
      "title": "",
      "fullFile": "cypress/e2e/markets.cy.js",
      "file": "cypress/e2e/markets.cy.js",
      "beforeHooks": [],
      "afterHooks": [],
      "tests": [],
      "suites": [
        {
          "uuid": "f9f7f7f6-6961-4e50-8546-aa300bd4d250",
          "title": "Markets link tests",
          "fullFile": "",
          "file": "",
          "beforeHooks": [],
          "afterHooks": [],
          "tests": [
            {
              "title": "Markets - menu",
              "fullTitle": "Markets link tests Markets - menu",
              "timedOut": null,
              "duration": 6917,
              "state": "passed",
              "speed": "medium",
              "pass": true,
              "fail": false,
              "pending": false,
              "context": null,
              "code": "//tag: smoke\nif (Cypress.env('isMobile') == 'true') {\n  //Click through 'Markets' menu-items. \n  cy.findByRole('img', {\n    name: 'hamburger menu'\n  }).click();\n  cy.findByRole('button', {\n    name: 'Markets chevron'\n  }).click();\n  cy.findByRole('link', {\n    name: 'Forex Forex Trade the world’s largest financial market with popular forex pairs.'\n  }).click();\n  cy.findByRole('heading', {\n    name: 'Forex',\n    exact: true\n  }).should('be.visible');\n} else {\n  cy.findByRole('link', {\n    name: 'Who we are'\n  }).click();\n  cy.findByRole('heading', {\n    name: 'Who we are'\n  }).should('be.visible');\n}",
              "err": {},
              "uuid": "55a4baef-90f1-4387-9699-ffcc07f89b50",
              "parentUUID": "f9f7f7f6-6961-4e50-8546-aa300bd4d250",
              "isHook": false,
              "skipped": false
            }
          ],
          "suites": [],
          "passes": [
            "55a4baef-90f1-4387-9699-ffcc07f89b50"
          ],
          "failures": [],
          "pending": [],
          "skipped": [],
          "duration": 6917,
          "root": false,
          "rootEmpty": false,
          "_timeout": 2000
        }
      ],
      "passes": [],
      "failures": [],
      "pending": [],
      "skipped": [],
      "duration": 0,
      "root": true,
      "rootEmpty": true,
      "_timeout": 2000
    }
  ],
  "meta": {
    "mocha": {
      "version": "7.0.1"
    },
    "mochawesome": {
      "options": {
        "quiet": false,
        "reportFilename": "mochawesome",
        "saveHtml": false,
        "saveJson": true,
        "consoleReporter": "spec",
        "useInlineDiffs": false,
        "code": true
      },
      "version": "7.1.3"
    },
    "marge": {
      "options": {
        "reportDir": "cypress/results",
        "overwrite": false,
        "html": false,
        "json": true
      },
      "version": "6.2.0"
    }
  }
}